  Precompiled.cpp
  ArrowOperator.cpp
  AutoKeyword.cpp
  Benchmarking.cpp
  Casting.cpp
  CopyingAndCopyConstructor.cpp
  DynamicArrayVector.cpp
  DynamicArrayVectorOptimization.cpp
  DynamicCasting.cpp
  DynamicLibrary.cpp
  FunctionPointers.cpp
  LambdaAnonymousFunction.cpp
  Macros.cpp
  MultidimensionalArrays.cpp
  MultipleReturnValue.cpp
  Namespace.cpp
  NamespaceExample.cpp
  OptionalData.cpp
  ShardPointerExample.cpp
  Sorting.cpp
  Async.cpp
  Compiling...
  AsyncVsThread.cpp
  MakeStringFaster.cpp
  MultipleTypeInSingleVariable.cpp
  Singleton.cpp
  SmallStringOptimization.cpp
  StoreAnyTypeInVariable.cpp
  StackVsHeap.cpp
  StaticArrays.cpp
  StructuredBindings.cpp
  Templates.cpp
  Threads.cpp
  Timing.cpp
  TypePunning.cpp
  Unions.cpp
  UniqueAndMakeUniquePtr.cpp
  UnorderedMapExample.cpp
  UsingLibrariesStaticLinking.cpp
  LocalStatic.cpp
  ObjectLifetime.cpp
  SmartPointers.cpp
  Compiling...
  SmartPointersExample.cpp
  Const.cpp
  CreateInstantiateObject.cpp
  ImplicitExplicitKeyword.cpp
  InterfacesPureVirtualFunction.cpp
  old-main.cpp
  MemberIntializerList.cpp
  Mutable.cpp
  NewKeyword.cpp
  OperatorsAndOperatorOverloading.cpp
  Static.cpp
  Ternary.cpp
  ThisKeyword.cpp
  VirtualFunction.cpp
  Visibility.cpp
  VirtualDestructors.cpp
  PrecompiledMain.cpp
  Generating code
  Previous IPDB not found, fall back to full compilation.
  All 228 functions were compiled because no usable IPDB/IOBJ from previous compilation was found.
  Finished generating code
  TheChernoC++.vcxproj -> C:\Users\kevin.mensah\Desktop\cpp-the-cherno-tutorials\TheChernoC++\bin\x64\Release\TheChernoC++.exe
