c:\users\kevin.mensah\desktop\cpp-indepth-the-cherno\thechernoc++\bin\intermediates\win32\debug\thechernoc++.pch
c:\users\kevin.mensah\desktop\cpp-indepth-the-cherno\thechernoc++\bin\intermediates\win32\debug\vc143.pdb
c:\users\kevin.mensah\desktop\cpp-indepth-the-cherno\thechernoc++\bin\intermediates\win32\debug\vc143.idb
c:\users\kevin.mensah\desktop\cpp-indepth-the-cherno\thechernoc++\bin\intermediates\win32\debug\precompiled.obj
c:\users\kevin.mensah\desktop\cpp-indepth-the-cherno\thechernoc++\bin\intermediates\win32\debug\templates.obj
c:\users\kevin.mensah\desktop\cpp-indepth-the-cherno\thechernoc++\bin\intermediates\win32\debug\staticarrays.obj
c:\users\kevin.mensah\desktop\cpp-indepth-the-cherno\thechernoc++\bin\intermediates\win32\debug\stackvsheap.obj
c:\users\kevin.mensah\desktop\cpp-indepth-the-cherno\thechernoc++\bin\intermediates\win32\debug\sorting.obj
c:\users\kevin.mensah\desktop\cpp-indepth-the-cherno\thechernoc++\bin\intermediates\win32\debug\shardpointerexample.obj
c:\users\kevin.mensah\desktop\cpp-indepth-the-cherno\thechernoc++\bin\intermediates\win32\debug\namespaceexample.obj
c:\users\kevin.mensah\desktop\cpp-indepth-the-cherno\thechernoc++\bin\intermediates\win32\debug\namespace.obj
c:\users\kevin.mensah\desktop\cpp-indepth-the-cherno\thechernoc++\bin\intermediates\win32\debug\multiplereturnvalue.obj
c:\users\kevin.mensah\desktop\cpp-indepth-the-cherno\thechernoc++\bin\intermediates\win32\debug\multidimensionalarrays.obj
c:\users\kevin.mensah\desktop\cpp-indepth-the-cherno\thechernoc++\bin\intermediates\win32\debug\macros.obj
c:\users\kevin.mensah\desktop\cpp-indepth-the-cherno\thechernoc++\bin\intermediates\win32\debug\lambdaanonymousfunction.obj
c:\users\kevin.mensah\desktop\cpp-indepth-the-cherno\thechernoc++\bin\intermediates\win32\debug\functionpointers.obj
c:\users\kevin.mensah\desktop\cpp-indepth-the-cherno\thechernoc++\bin\intermediates\win32\debug\dynamiclibrary.obj
c:\users\kevin.mensah\desktop\cpp-indepth-the-cherno\thechernoc++\bin\intermediates\win32\debug\dynamiccasting.obj
c:\users\kevin.mensah\desktop\cpp-indepth-the-cherno\thechernoc++\bin\intermediates\win32\debug\dynamicarrayvectoroptimization.obj
c:\users\kevin.mensah\desktop\cpp-indepth-the-cherno\thechernoc++\bin\intermediates\win32\debug\dynamicarrayvector.obj
c:\users\kevin.mensah\desktop\cpp-indepth-the-cherno\thechernoc++\bin\intermediates\win32\debug\copyingandcopyconstructor.obj
c:\users\kevin.mensah\desktop\cpp-indepth-the-cherno\thechernoc++\bin\intermediates\win32\debug\casting.obj
c:\users\kevin.mensah\desktop\cpp-indepth-the-cherno\thechernoc++\bin\intermediates\win32\debug\autokeyword.obj
c:\users\kevin.mensah\desktop\cpp-indepth-the-cherno\thechernoc++\bin\intermediates\win32\debug\arrowoperator.obj
c:\users\kevin.mensah\desktop\cpp-indepth-the-cherno\thechernoc++\bin\intermediates\win32\debug\operatorsandoperatoroverloading.obj
c:\users\kevin.mensah\desktop\cpp-indepth-the-cherno\thechernoc++\bin\intermediates\win32\debug\newkeyword.obj
c:\users\kevin.mensah\desktop\cpp-indepth-the-cherno\thechernoc++\bin\intermediates\win32\debug\mutable.obj
c:\users\kevin.mensah\desktop\cpp-indepth-the-cherno\thechernoc++\bin\intermediates\win32\debug\memberintializerlist.obj
c:\users\kevin.mensah\desktop\cpp-indepth-the-cherno\thechernoc++\bin\intermediates\win32\debug\old-main.obj
c:\users\kevin.mensah\desktop\cpp-indepth-the-cherno\thechernoc++\bin\intermediates\win32\debug\interfacespurevirtualfunction.obj
c:\users\kevin.mensah\desktop\cpp-indepth-the-cherno\thechernoc++\bin\intermediates\win32\debug\implicitexplicitkeyword.obj
c:\users\kevin.mensah\desktop\cpp-indepth-the-cherno\thechernoc++\bin\intermediates\win32\debug\createinstantiateobject.obj
c:\users\kevin.mensah\desktop\cpp-indepth-the-cherno\thechernoc++\bin\intermediates\win32\debug\const.obj
c:\users\kevin.mensah\desktop\cpp-indepth-the-cherno\thechernoc++\bin\intermediates\win32\debug\smartpointersexample.obj
c:\users\kevin.mensah\desktop\cpp-indepth-the-cherno\thechernoc++\bin\intermediates\win32\debug\smartpointers.obj
c:\users\kevin.mensah\desktop\cpp-indepth-the-cherno\thechernoc++\bin\intermediates\win32\debug\objectlifetime.obj
c:\users\kevin.mensah\desktop\cpp-indepth-the-cherno\thechernoc++\bin\intermediates\win32\debug\localstatic.obj
c:\users\kevin.mensah\desktop\cpp-indepth-the-cherno\thechernoc++\bin\intermediates\win32\debug\usinglibrariesstaticlinking.obj
c:\users\kevin.mensah\desktop\cpp-indepth-the-cherno\thechernoc++\bin\intermediates\win32\debug\unorderedmapexample.obj
c:\users\kevin.mensah\desktop\cpp-indepth-the-cherno\thechernoc++\bin\intermediates\win32\debug\uniqueandmakeuniqueptr.obj
c:\users\kevin.mensah\desktop\cpp-indepth-the-cherno\thechernoc++\bin\intermediates\win32\debug\unions.obj
c:\users\kevin.mensah\desktop\cpp-indepth-the-cherno\thechernoc++\bin\intermediates\win32\debug\typepunning.obj
c:\users\kevin.mensah\desktop\cpp-indepth-the-cherno\thechernoc++\bin\intermediates\win32\debug\timing.obj
c:\users\kevin.mensah\desktop\cpp-indepth-the-cherno\thechernoc++\bin\intermediates\win32\debug\threads.obj
c:\users\kevin.mensah\desktop\cpp-indepth-the-cherno\thechernoc++\bin\intermediates\win32\debug\virtualdestructors.obj
c:\users\kevin.mensah\desktop\cpp-indepth-the-cherno\thechernoc++\bin\intermediates\win32\debug\visibility.obj
c:\users\kevin.mensah\desktop\cpp-indepth-the-cherno\thechernoc++\bin\intermediates\win32\debug\virtualfunction.obj
c:\users\kevin.mensah\desktop\cpp-indepth-the-cherno\thechernoc++\bin\intermediates\win32\debug\thiskeyword.obj
c:\users\kevin.mensah\desktop\cpp-indepth-the-cherno\thechernoc++\bin\intermediates\win32\debug\ternary.obj
c:\users\kevin.mensah\desktop\cpp-indepth-the-cherno\thechernoc++\bin\intermediates\win32\debug\static.obj
c:\users\kevin.mensah\desktop\cpp-indepth-the-cherno\thechernoc++\bin\intermediates\win32\debug\precompiledmain.obj
c:\users\kevin.mensah\desktop\cpp-indepth-the-cherno\thechernoc++\bin\win32\debug\thechernoc++.exe
c:\users\kevin.mensah\desktop\cpp-indepth-the-cherno\thechernoc++\bin\win32\debug\thechernoc++.pdb
c:\users\kevin.mensah\desktop\cpp-indepth-the-cherno\thechernoc++\bin\intermediates\win32\debug\thechernoc++.ilk
c:\users\kevin.mensah\desktop\cpp-indepth-the-cherno\thechernoc++\bin\intermediates\win32\debug\dynamiccasting.obj.enc
c:\users\kevin.mensah\desktop\cpp-indepth-the-cherno\thechernoc++\bin\intermediates\win32\debug\thechernoc++.vcxproj.filelistabsolute.txt
c:\users\kevin.mensah\desktop\cpp-indepth-the-cherno\thechernoc++\bin\intermediates\win32\debug\thechernoc++.tlog\cl.command.1.tlog
c:\users\kevin.mensah\desktop\cpp-indepth-the-cherno\thechernoc++\bin\intermediates\win32\debug\thechernoc++.tlog\cl.items.tlog
c:\users\kevin.mensah\desktop\cpp-indepth-the-cherno\thechernoc++\bin\intermediates\win32\debug\thechernoc++.tlog\cl.read.1.tlog
c:\users\kevin.mensah\desktop\cpp-indepth-the-cherno\thechernoc++\bin\intermediates\win32\debug\thechernoc++.tlog\cl.write.1.tlog
c:\users\kevin.mensah\desktop\cpp-indepth-the-cherno\thechernoc++\bin\intermediates\win32\debug\thechernoc++.tlog\link.command.1.tlog
c:\users\kevin.mensah\desktop\cpp-indepth-the-cherno\thechernoc++\bin\intermediates\win32\debug\thechernoc++.tlog\link.read.1.tlog
c:\users\kevin.mensah\desktop\cpp-indepth-the-cherno\thechernoc++\bin\intermediates\win32\debug\thechernoc++.tlog\link.secondary.1.tlog
c:\users\kevin.mensah\desktop\cpp-indepth-the-cherno\thechernoc++\bin\intermediates\win32\debug\thechernoc++.tlog\link.write.1.tlog
