c:\users\kevin.mensah\desktop\cpp-indepth-the-cherno\thechernoc++\bin\intermediates\x64\debug\vc143.pdb
c:\users\kevin.mensah\desktop\cpp-indepth-the-cherno\thechernoc++\bin\intermediates\x64\debug\vc143.idb
c:\users\kevin.mensah\desktop\cpp-indepth-the-cherno\thechernoc++\bin\intermediates\x64\debug\usinglibrariesstaticlinking.obj
c:\users\kevin.mensah\desktop\cpp-the-cherno-tutorials\thechernoc++\bin\intermediates\x64\debug\thechernoc++.pch
c:\users\kevin.mensah\desktop\cpp-the-cherno-tutorials\thechernoc++\bin\intermediates\x64\debug\vc143.pdb
c:\users\kevin.mensah\desktop\cpp-the-cherno-tutorials\thechernoc++\bin\intermediates\x64\debug\vc143.idb
c:\users\kevin.mensah\desktop\cpp-the-cherno-tutorials\thechernoc++\bin\intermediates\x64\debug\precompiled.obj
c:\users\kevin.mensah\desktop\cpp-the-cherno-tutorials\thechernoc++\bin\intermediates\x64\debug\async.obj
c:\users\kevin.mensah\desktop\cpp-the-cherno-tutorials\thechernoc++\bin\intermediates\x64\debug\sorting.obj
c:\users\kevin.mensah\desktop\cpp-the-cherno-tutorials\thechernoc++\bin\intermediates\x64\debug\shardpointerexample.obj
c:\users\kevin.mensah\desktop\cpp-the-cherno-tutorials\thechernoc++\bin\intermediates\x64\debug\optionaldata.obj
c:\users\kevin.mensah\desktop\cpp-the-cherno-tutorials\thechernoc++\bin\intermediates\x64\debug\namespaceexample.obj
c:\users\kevin.mensah\desktop\cpp-the-cherno-tutorials\thechernoc++\bin\intermediates\x64\debug\namespace.obj
c:\users\kevin.mensah\desktop\cpp-the-cherno-tutorials\thechernoc++\bin\intermediates\x64\debug\multiplereturnvalue.obj
c:\users\kevin.mensah\desktop\cpp-the-cherno-tutorials\thechernoc++\bin\intermediates\x64\debug\multidimensionalarrays.obj
c:\users\kevin.mensah\desktop\cpp-the-cherno-tutorials\thechernoc++\bin\intermediates\x64\debug\macros.obj
c:\users\kevin.mensah\desktop\cpp-the-cherno-tutorials\thechernoc++\bin\intermediates\x64\debug\lambdaanonymousfunction.obj
c:\users\kevin.mensah\desktop\cpp-the-cherno-tutorials\thechernoc++\bin\intermediates\x64\debug\functionpointers.obj
c:\users\kevin.mensah\desktop\cpp-the-cherno-tutorials\thechernoc++\bin\intermediates\x64\debug\dynamiclibrary.obj
c:\users\kevin.mensah\desktop\cpp-the-cherno-tutorials\thechernoc++\bin\intermediates\x64\debug\dynamiccasting.obj
c:\users\kevin.mensah\desktop\cpp-the-cherno-tutorials\thechernoc++\bin\intermediates\x64\debug\dynamicarrayvectoroptimization.obj
c:\users\kevin.mensah\desktop\cpp-the-cherno-tutorials\thechernoc++\bin\intermediates\x64\debug\dynamicarrayvector.obj
c:\users\kevin.mensah\desktop\cpp-the-cherno-tutorials\thechernoc++\bin\intermediates\x64\debug\casting.obj
c:\users\kevin.mensah\desktop\cpp-the-cherno-tutorials\thechernoc++\bin\intermediates\x64\debug\benchmarking.obj
c:\users\kevin.mensah\desktop\cpp-the-cherno-tutorials\thechernoc++\bin\intermediates\x64\debug\autokeyword.obj
c:\users\kevin.mensah\desktop\cpp-the-cherno-tutorials\thechernoc++\bin\intermediates\x64\debug\arrowoperator.obj
c:\users\kevin.mensah\desktop\cpp-the-cherno-tutorials\thechernoc++\bin\intermediates\x64\debug\smartpointersexample.obj
c:\users\kevin.mensah\desktop\cpp-the-cherno-tutorials\thechernoc++\bin\intermediates\x64\debug\smartpointers.obj
c:\users\kevin.mensah\desktop\cpp-the-cherno-tutorials\thechernoc++\bin\intermediates\x64\debug\objectlifetime.obj
c:\users\kevin.mensah\desktop\cpp-the-cherno-tutorials\thechernoc++\bin\intermediates\x64\debug\localstatic.obj
c:\users\kevin.mensah\desktop\cpp-the-cherno-tutorials\thechernoc++\bin\intermediates\x64\debug\usinglibrariesstaticlinking.obj
c:\users\kevin.mensah\desktop\cpp-the-cherno-tutorials\thechernoc++\bin\intermediates\x64\debug\unorderedmapexample.obj
c:\users\kevin.mensah\desktop\cpp-the-cherno-tutorials\thechernoc++\bin\intermediates\x64\debug\uniqueandmakeuniqueptr.obj
c:\users\kevin.mensah\desktop\cpp-the-cherno-tutorials\thechernoc++\bin\intermediates\x64\debug\unions.obj
c:\users\kevin.mensah\desktop\cpp-the-cherno-tutorials\thechernoc++\bin\intermediates\x64\debug\typepunning.obj
c:\users\kevin.mensah\desktop\cpp-the-cherno-tutorials\thechernoc++\bin\intermediates\x64\debug\timing.obj
c:\users\kevin.mensah\desktop\cpp-the-cherno-tutorials\thechernoc++\bin\intermediates\x64\debug\threads.obj
c:\users\kevin.mensah\desktop\cpp-the-cherno-tutorials\thechernoc++\bin\intermediates\x64\debug\templates.obj
c:\users\kevin.mensah\desktop\cpp-the-cherno-tutorials\thechernoc++\bin\intermediates\x64\debug\structuredbindings.obj
c:\users\kevin.mensah\desktop\cpp-the-cherno-tutorials\thechernoc++\bin\intermediates\x64\debug\staticarrays.obj
c:\users\kevin.mensah\desktop\cpp-the-cherno-tutorials\thechernoc++\bin\intermediates\x64\debug\stackvsheap.obj
c:\users\kevin.mensah\desktop\cpp-the-cherno-tutorials\thechernoc++\bin\intermediates\x64\debug\storeanytypeinvariable.obj
c:\users\kevin.mensah\desktop\cpp-the-cherno-tutorials\thechernoc++\bin\intermediates\x64\debug\singleton.obj
c:\users\kevin.mensah\desktop\cpp-the-cherno-tutorials\thechernoc++\bin\intermediates\x64\debug\multipletypeinsinglevariable.obj
c:\users\kevin.mensah\desktop\cpp-the-cherno-tutorials\thechernoc++\bin\intermediates\x64\debug\makestringfaster.obj
c:\users\kevin.mensah\desktop\cpp-the-cherno-tutorials\thechernoc++\bin\intermediates\x64\debug\asyncvsthread.obj
c:\users\kevin.mensah\desktop\cpp-the-cherno-tutorials\thechernoc++\bin\intermediates\x64\debug\virtualdestructors.obj
c:\users\kevin.mensah\desktop\cpp-the-cherno-tutorials\thechernoc++\bin\intermediates\x64\debug\visibility.obj
c:\users\kevin.mensah\desktop\cpp-the-cherno-tutorials\thechernoc++\bin\intermediates\x64\debug\virtualfunction.obj
c:\users\kevin.mensah\desktop\cpp-the-cherno-tutorials\thechernoc++\bin\intermediates\x64\debug\thiskeyword.obj
c:\users\kevin.mensah\desktop\cpp-the-cherno-tutorials\thechernoc++\bin\intermediates\x64\debug\ternary.obj
c:\users\kevin.mensah\desktop\cpp-the-cherno-tutorials\thechernoc++\bin\intermediates\x64\debug\static.obj
c:\users\kevin.mensah\desktop\cpp-the-cherno-tutorials\thechernoc++\bin\intermediates\x64\debug\operatorsandoperatoroverloading.obj
c:\users\kevin.mensah\desktop\cpp-the-cherno-tutorials\thechernoc++\bin\intermediates\x64\debug\newkeyword.obj
c:\users\kevin.mensah\desktop\cpp-the-cherno-tutorials\thechernoc++\bin\intermediates\x64\debug\mutable.obj
c:\users\kevin.mensah\desktop\cpp-the-cherno-tutorials\thechernoc++\bin\intermediates\x64\debug\memberintializerlist.obj
c:\users\kevin.mensah\desktop\cpp-the-cherno-tutorials\thechernoc++\bin\intermediates\x64\debug\old-main.obj
c:\users\kevin.mensah\desktop\cpp-the-cherno-tutorials\thechernoc++\bin\intermediates\x64\debug\interfacespurevirtualfunction.obj
c:\users\kevin.mensah\desktop\cpp-the-cherno-tutorials\thechernoc++\bin\intermediates\x64\debug\implicitexplicitkeyword.obj
c:\users\kevin.mensah\desktop\cpp-the-cherno-tutorials\thechernoc++\bin\intermediates\x64\debug\createinstantiateobject.obj
c:\users\kevin.mensah\desktop\cpp-the-cherno-tutorials\thechernoc++\bin\intermediates\x64\debug\const.obj
c:\users\kevin.mensah\desktop\cpp-the-cherno-tutorials\thechernoc++\bin\intermediates\x64\debug\precompiledmain.obj
c:\users\kevin.mensah\desktop\cpp-the-cherno-tutorials\thechernoc++\bin\intermediates\x64\debug\trackmemoryallocationstheeasyway.obj
c:\users\kevin.mensah\desktop\cpp-the-cherno-tutorials\thechernoc++\bin\intermediates\x64\debug\smallstringoptimization.obj
c:\users\kevin.mensah\desktop\cpp-the-cherno-tutorials\thechernoc++\bin\intermediates\x64\debug\lvaluesandrvalues.obj
c:\users\kevin.mensah\desktop\cpp-the-cherno-tutorials\thechernoc++\bin\intermediates\x64\debug\argumentevaluation.obj
c:\users\kevin.mensah\desktop\cpp-the-cherno-tutorials\thechernoc++\bin\intermediates\x64\debug\movesemantics.obj
c:\users\kevin.mensah\desktop\cpp-the-cherno-tutorials\thechernoc++\bin\intermediates\x64\debug\copyconstructorandcopyassignment.obj
c:\users\kevin.mensah\desktop\cpp-the-cherno-tutorials\thechernoc++\bin\x64\debug\thechernoc++.exe
c:\users\kevin.mensah\desktop\cpp-the-cherno-tutorials\thechernoc++\bin\x64\debug\thechernoc++.pdb
c:\users\kevin.mensah\desktop\cpp-the-cherno-tutorials\thechernoc++\bin\intermediates\x64\debug\thechernoc++.ilk
c:\users\kevin.mensah\desktop\cpp-the-cherno-tutorials\thechernoc++\bin\intermediates\x64\debug\copyingandcopyconstructor.obj
c:\users\kevin.mensah\desktop\cpp-the-cherno-tutorials\thechernoc++\bin\intermediates\x64\debug\main.obj
c:\users\kevin.mensah\desktop\cpp-the-cherno-tutorials\thechernoc++\bin\intermediates\x64\debug\string.obj
c:\users\kevin.mensah\desktop\cpp-the-cherno-tutorials\thechernoc++\bin\intermediates\x64\debug\usinglibraries.obj
c:\users\kevin.mensah\desktop\cpp-the-cherno-tutorials\thechernoc++\bin\intermediates\x64\debug\copyingandcopyconstructor.obj.enc
c:\users\kevin.mensah\desktop\cpp-the-cherno-tutorials\thechernoc++\bin\intermediates\x64\debug\smallstringoptimization.obj.enc
c:\users\kevin.mensah\desktop\cpp-the-cherno-tutorials\thechernoc++\bin\intermediates\x64\debug\thechernoc++.vcxproj.filelistabsolute.txt
c:\users\kevin.mensah\desktop\cpp-the-cherno-tutorials\thechernoc++\bin\intermediates\x64\debug\thechernoc++.tlog\cl.command.1.tlog
c:\users\kevin.mensah\desktop\cpp-the-cherno-tutorials\thechernoc++\bin\intermediates\x64\debug\thechernoc++.tlog\cl.items.tlog
c:\users\kevin.mensah\desktop\cpp-the-cherno-tutorials\thechernoc++\bin\intermediates\x64\debug\thechernoc++.tlog\cl.read.1.tlog
c:\users\kevin.mensah\desktop\cpp-the-cherno-tutorials\thechernoc++\bin\intermediates\x64\debug\thechernoc++.tlog\cl.write.1.tlog
c:\users\kevin.mensah\desktop\cpp-the-cherno-tutorials\thechernoc++\bin\intermediates\x64\debug\thechernoc++.tlog\link.command.1.tlog
c:\users\kevin.mensah\desktop\cpp-the-cherno-tutorials\thechernoc++\bin\intermediates\x64\debug\thechernoc++.tlog\link.read.1.tlog
c:\users\kevin.mensah\desktop\cpp-the-cherno-tutorials\thechernoc++\bin\intermediates\x64\debug\thechernoc++.tlog\link.secondary.1.tlog
c:\users\kevin.mensah\desktop\cpp-the-cherno-tutorials\thechernoc++\bin\intermediates\x64\debug\thechernoc++.tlog\link.write.1.tlog
